[17:23:09] [main/INFO]: Loading Minecraft 1.21 with Fabric Loader 0.16.3
[17:23:10] [main/INFO]: Loading 57 mods:
	- architectury 13.0.8
	- chunky 1.4.16
	- clumps 18.0.0.2
	- collective 7.87
	- fabric-api 0.102.0+1.21
	   |-- fabric-api-base 0.4.42+6573ed8cd1
	   |-- fabric-api-lookup-api-v1 1.6.68+b5597344d1
	   |-- fabric-biome-api-v1 13.0.29+5bd9f1bcd1
	   |-- fabric-block-api-v1 1.0.22+0af3f5a7d1
	   |-- fabric-block-view-api-v2 1.0.10+6573ed8cd1
	   |-- fabric-blockrenderlayer-v1 1.1.52+0af3f5a7d1
	   |-- fabric-client-tags-api-v1 1.1.15+6573ed8cd1
	   |-- fabric-command-api-v1 1.2.49+f71b366fd1
	   |-- fabric-command-api-v2 2.2.28+6ced4dd9d1
	   |-- fabric-commands-v0 0.2.66+df3654b3d1
	   |-- fabric-content-registries-v0 8.0.16+b5597344d1
	   |-- fabric-convention-tags-v1 2.0.19+7f945d5bd1
	   |-- fabric-convention-tags-v2 2.5.0+c5e2b5c6d1
	   |-- fabric-crash-report-info-v1 0.2.29+0af3f5a7d1
	   |-- fabric-data-attachment-api-v1 1.1.27+6a6dfa19d1
	   |-- fabric-data-generation-api-v1 20.2.16+16c4ae25d1
	   |-- fabric-dimensions-v1 4.0.0+6fc22b99d1
	   |-- fabric-entity-events-v1 1.6.12+6fc22b99d1
	   |-- fabric-events-interaction-v0 0.7.12+ba9dae06d1
	   |-- fabric-game-rule-api-v1 1.0.53+6ced4dd9d1
	   |-- fabric-item-api-v1 11.0.0+afdfc921d1
	   |-- fabric-item-group-api-v1 4.1.4+78017270d1
	   |-- fabric-key-binding-api-v1 1.0.47+0af3f5a7d1
	   |-- fabric-keybindings-v0 0.2.45+df3654b3d1
	   |-- fabric-lifecycle-events-v1 2.3.12+6c1df360d1
	   |-- fabric-loot-api-v2 3.0.14+3f89f5a5d1
	   |-- fabric-loot-api-v3 1.0.2+3f89f5a5d1
	   |-- fabric-message-api-v1 6.0.13+6573ed8cd1
	   |-- fabric-model-loading-api-v1 2.0.0+fe474d6bd1
	   |-- fabric-networking-api-v1 4.2.2+60c3209bd1
	   |-- fabric-object-builder-api-v1 15.2.0+a551f7a4d1
	   |-- fabric-particles-v1 4.0.2+6573ed8cd1
	   |-- fabric-recipe-api-v1 5.0.12+65089712d1
	   |-- fabric-registry-sync-v0 5.1.2+60c3209bd1
	   |-- fabric-renderer-api-v1 3.4.0+c705a49cd1
	   |-- fabric-renderer-indigo 1.7.0+c705a49cd1
	   |-- fabric-renderer-registries-v1 3.2.68+df3654b3d1
	   |-- fabric-rendering-data-attachment-v1 0.3.48+73761d2ed1
	   |-- fabric-rendering-fluids-v1 3.1.6+b5597344d1
	   |-- fabric-rendering-v0 1.1.71+df3654b3d1
	   |-- fabric-rendering-v1 5.0.5+df16efd0d1
	   |-- fabric-resource-conditions-api-v1 4.3.0+8dc279b1d1
	   |-- fabric-resource-loader-v0 1.3.0+56599129d1
	   |-- fabric-screen-api-v1 2.0.24+b5597344d1
	   |-- fabric-screen-handler-api-v1 1.3.86+b5597344d1
	   |-- fabric-sound-api-v1 1.0.23+6573ed8cd1
	   |-- fabric-transfer-api-v1 5.1.16+3dccd343d1
	   \-- fabric-transitive-access-wideners-v1 6.1.0+176f9036d1
	- fabricloader 0.16.3
	   \-- mixinextras 0.4.1
	- infinitetrading 4.5
	- java 21
	- jei 19.21.0.247
	- lithium 0.13.1
	- minecraft 1.21
	- mr_daycounter 1.2.1
	- nerb 0.4.1
	- nochatreports 1.21.1-v2.9.0
	- octolib 0.4.2
	   \-- org_yaml_snakeyaml 2.2
	- sound_physics_remastered 1.21.1-1.4.6
	- vcinteraction 1.21.1-1.0.8
	   \-- polymer-registry-sync-manipulator 0.9.9+1.21
	- voicechat 1.21.1-2.5.26
	   \-- fabric-key-binding-api-v1 1.0.47+0af3f5a76a
[17:23:10] [main/INFO]: SpongePowered MIXIN Subsystem Version=0.8.7 Source=file:/workspaces/MSX-TECNICRAFT/servidor_minecraft/libraries/net/fabricmc/sponge-mixin/0.15.2+mixin.0.8.7/sponge-mixin-0.15.2+mixin.0.8.7.jar Service=Knot/Fabric Env=SERVER
[17:23:10] [main/INFO]: Compatibility level set to JAVA_16
[17:23:10] [main/INFO]: Compatibility level set to JAVA_17
[17:23:10] [main/INFO]: Compatibility level set to JAVA_18
[17:23:10] [main/INFO]: Compatibility level set to JAVA_21
[17:23:11] [main/INFO]: Loaded configuration file for Lithium: 144 options available, 0 override(s) found
[17:23:11] [main/WARN]: Reference map 'OctoLib-COMMON-common-refmap.json' for octolib.mixins.json could not be read. If this is a development environment you can ignore this message
[17:23:13] [main/INFO]: Initializing MixinExtras via com.llamalad7.mixinextras.service.MixinExtrasServiceImpl(version=0.4.1).
[17:23:36] [main/INFO]: Loading Collective version 7.87.
[17:23:36] [main/INFO]: [voicechat] Compatibility version 18
[17:23:37] [main/INFO]: [voicechat] Loading plugins
[17:23:37] [main/INFO]: [voicechat] Loaded 2 plugin(s)
[17:23:37] [main/INFO]: [voicechat] Initializing plugins
[17:23:37] [main/INFO]: Initializing Simple Voice Chat integration
[17:23:37] [main/INFO]: [voicechat] Initialized 2 plugin(s)
[17:23:37] [main/INFO]: [voicechat] Registering events for 'sound_physics_remastered'
[17:23:37] [main/INFO]: [voicechat] Registering events for 'vcinteraction'
[17:23:37] [main/INFO]: Environment: Environment[sessionHost=https://sessionserver.mojang.com, servicesHost=https://api.minecraftservices.com, name=PROD]
[17:23:45] [main/INFO]: Loaded 1290 recipes
[17:23:45] [main/INFO]: Loaded 1399 advancements
[17:23:47] [main/INFO]: Applied 0 biome modifications to 0 of 64 new biomes in 14.23 ms
[17:23:47] [Server thread/INFO]: Starting minecraft server version 1.21
[17:23:47] [Server thread/INFO]: Loading properties
[17:23:47] [Server thread/INFO]: Default game type: SURVIVAL
[17:23:47] [Server thread/INFO]: Generating keypair
[17:23:47] [Server thread/INFO]: Starting Minecraft server on *:25565
[17:23:47] [Server thread/INFO]: Using epoll channel type
[17:23:47] [Server thread/WARN]: **** SERVER IS RUNNING IN OFFLINE/INSECURE MODE!
[17:23:47] [Server thread/WARN]: The server will make no attempt to authenticate usernames. Beware.
[17:23:47] [Server thread/WARN]: While this makes the game possible to play without internet access, it also opens up the ability for hackers to connect with any username they choose.
[17:23:47] [Server thread/WARN]: To change this, set "online-mode" to "true" in the server.properties file.
[17:23:47] [Server thread/INFO]: Preparing level "world"
[17:23:59] [Server thread/INFO]: Preparing start region for dimension minecraft:overworld
[17:24:00] [Worker-Main-1/INFO]: Preparing spawn area: 0%
[17:24:00] [Worker-Main-1/INFO]: Preparing spawn area: 0%
[17:24:00] [Worker-Main-1/INFO]: Preparing spawn area: 0%
[17:24:00] [Worker-Main-1/INFO]: Preparing spawn area: 93%
[17:24:00] [Server thread/INFO]: Time elapsed: 1660 ms
[17:24:00] [Server thread/INFO]: Done (13.029s)! For help, type "help"
[17:24:00] [Server thread/WARN]: [voicechat] Running in offline mode - Voice chat encryption is not secure!
[17:24:01] [VoiceChatServerThread/INFO]: [voicechat] Voice chat server started at 100.77.213.86:24454
[17:24:05] [Server thread/INFO]: Made DasVicgeta a server operator
[17:24:09] [Server thread/INFO]: DasVicgeta[/100.118.141.63:51368] logged in with entity id 6 at (237.5, 72.0, 252.5)
[17:24:09] [Server thread/INFO]: DasVicgeta joined the game
[17:24:11] [Server thread/INFO]: [voicechat] Received secret request of DasVicgeta (18)
[17:24:11] [Server thread/INFO]: [voicechat] Sent secret to DasVicgeta
[17:24:15] [VoiceChatPacketProcessingThread/INFO]: [voicechat] Successfully authenticated player 7e385908-e08e-3ca0-ac21-29b5090dec62
[17:24:16] [VoiceChatPacketProcessingThread/INFO]: [voicechat] Successfully validated connection of player 7e385908-e08e-3ca0-ac21-29b5090dec62
[17:24:16] [VoiceChatPacketProcessingThread/INFO]: [voicechat] Player DasVicgeta (7e385908-e08e-3ca0-ac21-29b5090dec62) successfully connected to voice chat
[17:24:21] [Server thread/INFO]: [DasVicgeta: Set own game mode to Creative Mode]
[17:24:28] [Server thread/INFO]: [DasVicgeta: Set own game mode to Survival Mode]
[17:24:28] [Server thread/WARN]: Can't keep up! Is the server overloaded? Running 2041ms or 40 ticks behind
[17:24:49] [Server thread/INFO]: [DasVicgeta: Made DasVicgeta no longer a server operator]
[17:28:11] [Server thread/INFO]: EzyyZzz[/100.115.185.38:52440] logged in with entity id 1145 at (237.5, 72.0, 254.5)
[17:28:11] [Server thread/INFO]: EzyyZzz joined the game
[17:28:17] [Server thread/INFO]: [voicechat] Received secret request of EzyyZzz (18)
[17:28:17] [Server thread/INFO]: [voicechat] Sent secret to EzyyZzz
[17:28:26] [VoiceChatPacketProcessingThread/INFO]: [voicechat] Successfully authenticated player 06cb1a0d-c293-384a-8dee-1d5166fdc416
[17:28:27] [VoiceChatPacketProcessingThread/INFO]: [voicechat] Successfully validated connection of player 06cb1a0d-c293-384a-8dee-1d5166fdc416
[17:28:27] [VoiceChatPacketProcessingThread/INFO]: [voicechat] Player EzyyZzz (06cb1a0d-c293-384a-8dee-1d5166fdc416) successfully connected to voice chat
[17:28:35] [Server thread/INFO]: <EzyyZzz> xd
[17:28:38] [Server thread/INFO]: Set EzyyZzz's game mode to Survival Mode
[17:28:41] [Server thread/INFO]: <EzyyZzz> ala
[17:28:47] [Server thread/INFO]: <DasVicgeta> unete al grupo
[17:32:01] [Server thread/INFO]: Villager class_1646['Librarian'/1209, l='ServerLevel[world]', x=604.39, y=69.00, z=-423.35] died, message: 'Librarian was slain by DasVicgeta'
[17:39:07] [Server thread/INFO]: DasVicgeta fell from a high place
[17:39:10] [Server thread/INFO]: <EzyyZzz> xd
[17:39:19] [Server thread/INFO]: Made DasVicgeta a server operator
[17:39:21] [Server thread/INFO]: [DasVicgeta: Set own game mode to Creative Mode]
[17:39:27] [Server thread/INFO]: [DasVicgeta: Set own game mode to Spectator Mode]
[17:39:48] [Server thread/INFO]: [DasVicgeta: Set own game mode to Creative Mode]
[17:39:50] [Server thread/INFO]: [DasVicgeta: Set own game mode to Spectator Mode]
[17:39:55] [Server thread/INFO]: [DasVicgeta: Set own game mode to Creative Mode]
[17:40:13] [Server thread/INFO]: [DasVicgeta: Set own game mode to Survival Mode]
